\BOOKMARK [1][-]{Doc-Start}{Abstract}{}% 1
\BOOKMARK [1][-]{section*.1}{Preface}{}% 2
\BOOKMARK [0][-]{chapter.1}{Introduction}{}% 3
\BOOKMARK [0][-]{chapter.2}{Motivation}{}% 4
\BOOKMARK [0][-]{chapter.3}{Vectorization}{}% 5
\BOOKMARK [1][-]{section.3.1}{Hough Transform}{chapter.3}% 6
\BOOKMARK [1][-]{section.3.2}{Thinning}{chapter.3}% 7
\BOOKMARK [1][-]{section.3.3}{Contour}{chapter.3}% 8
\BOOKMARK [1][-]{section.3.4}{Run-graph}{chapter.3}% 9
\BOOKMARK [1][-]{section.3.5}{Mesh pattern}{chapter.3}% 10
\BOOKMARK [1][-]{section.3.6}{Sparse-pixel}{chapter.3}% 11
\BOOKMARK [0][-]{chapter.4}{Image segmentation with Deep Learning}{}% 12
\BOOKMARK [1][-]{section.4.1}{Neural networks}{chapter.4}% 13
\BOOKMARK [2][-]{subsection.4.1.1}{Artificial neurons}{section.4.1}% 14
\BOOKMARK [2][-]{subsection.4.1.2}{Activation functions}{section.4.1}% 15
\BOOKMARK [2][-]{subsection.4.1.3}{Training}{section.4.1}% 16
\BOOKMARK [1][-]{section.4.2}{Convolutional neural networks}{chapter.4}% 17
\BOOKMARK [2][-]{subsection.4.2.1}{Convolutional layers}{section.4.2}% 18
\BOOKMARK [2][-]{subsection.4.2.2}{Pooling layers}{section.4.2}% 19
\BOOKMARK [0][-]{chapter.5}{Related work - Image segmentation}{}% 20
\BOOKMARK [1][-]{section.5.1}{Important architectures}{chapter.5}% 21
\BOOKMARK [2][-]{subsection.5.1.1}{AlexNet}{section.5.1}% 22
\BOOKMARK [2][-]{subsection.5.1.2}{VGG}{section.5.1}% 23
\BOOKMARK [2][-]{subsection.5.1.3}{GoogLeNet}{section.5.1}% 24
\BOOKMARK [2][-]{subsection.5.1.4}{ResNet}{section.5.1}% 25
\BOOKMARK [2][-]{subsection.5.1.5}{CapsNet}{section.5.1}% 26
\BOOKMARK [1][-]{section.5.2}{Image segmentation}{chapter.5}% 27
\BOOKMARK [2][-]{subsection.5.2.1}{FCN}{section.5.2}% 28
\BOOKMARK [2][-]{subsection.5.2.2}{SegNet}{section.5.2}% 29
\BOOKMARK [2][-]{subsection.5.2.3}{Dilated Convolutions}{section.5.2}% 30
\BOOKMARK [2][-]{subsection.5.2.4}{DeepLab \(v1 \046 v2\)}{section.5.2}% 31
\BOOKMARK [2][-]{subsection.5.2.5}{DeepLab v3}{section.5.2}% 32
\BOOKMARK [0][-]{chapter.6}{Related work - Rastermap Vectorization}{}% 33
\BOOKMARK [1][-]{section.6.1}{Non-artifical intelligence methods}{chapter.6}% 34
\BOOKMARK [2][-]{subsection.6.1.1}{Color image segmentation in historical topographic maps based on homogeneity}{section.6.1}% 35
\BOOKMARK [2][-]{subsection.6.1.2}{Towards a comprehensive methodology for automatic vectorization of raster historical maps}{section.6.1}% 36
\BOOKMARK [2][-]{subsection.6.1.3}{Historical map polygon and feature extractor}{section.6.1}% 37
\BOOKMARK [2][-]{subsection.6.1.4}{A general approach for extracting road vector data from raster maps}{section.6.1}% 38
\BOOKMARK [2][-]{subsection.6.1.5}{Guided Superpixel Method for Topographic Map Processing}{section.6.1}% 39
\BOOKMARK [1][-]{section.6.2}{Artificial intelligence methods}{chapter.6}% 40
\BOOKMARK [2][-]{subsection.6.2.1}{VecNET}{section.6.2}% 41
\BOOKMARK [0][-]{chapter.7}{Implementation}{}% 42
\BOOKMARK [1][-]{section.7.1}{Creating the dataset}{chapter.7}% 43
\BOOKMARK [2][-]{subsection.7.1.1}{Feature matching with OpenCV}{section.7.1}% 44
\BOOKMARK [1][-]{section.7.2}{Deep learning frameworks}{chapter.7}% 45
\BOOKMARK [1][-]{section.7.3}{Computational power}{chapter.7}% 46
\BOOKMARK [0][-]{chapter.8}{Discussion}{}% 47
\BOOKMARK [0][-]{chapter.9}{Conclusion}{}% 48
\BOOKMARK [0][-]{chapter.9}{Bibliography}{}% 49
